2019-09-04 21:08:17,690:WARNING:discord.client: PyNaCl is not installed, voice will NOT be supported
2019-09-04 21:08:17,692:DEBUG:discord.client: on_ready has successfully been registered as an event
2019-09-04 21:08:17,693:DEBUG:discord.client: on_member_join has successfully been registered as an event
2019-09-04 21:08:17,710:INFO:discord.client: logging in using static token
2019-09-04 21:08:18,019:DEBUG:discord.http: GET https://discordapp.com/api/v7/users/@me with None has returned 200
2019-09-04 21:08:18,019:DEBUG:discord.http: GET https://discordapp.com/api/v7/users/@me has received {'username': 'AdminSys', 'verified': True, 'locale': 'en-US', 'mfa_enabled': False, 'bot': True, 'id': '617444095094161631', 'flags': 0, 'avatar': '887a8441e2355c403d700c6f149ae9cd', 'discriminator': '6253', 'email': None}
2019-09-04 21:08:18,055:DEBUG:discord.http: GET https://discordapp.com/api/v7/gateway with None has returned 200
2019-09-04 21:08:18,055:DEBUG:discord.http: GET https://discordapp.com/api/v7/gateway has received {'url': 'wss://gateway.discord.gg'}
2019-09-04 21:08:18,534:INFO:discord.gateway: Created websocket connected to wss://gateway.discord.gg?encoding=json&v=6&compress=zlib-stream
2019-09-04 21:08:18,535:DEBUG:discord.client: Dispatching event socket_raw_receive
2019-09-04 21:08:18,535:DEBUG:discord.gateway: For Shard ID None: WebSocket Event: {'t': None, 's': None, 'op': 10, 'd': {'heartbeat_interval': 41250, '_trace': ['["gateway-prd-main-fn5f",{"micros":0.0}]']}}
2019-09-04 21:08:18,535:DEBUG:discord.client: Dispatching event socket_response
2019-09-04 21:08:18,535:DEBUG:discord.client: Dispatching event socket_raw_send
2019-09-04 21:08:18,536:DEBUG:discord.client: Dispatching event socket_raw_send
2019-09-04 21:08:18,536:INFO:discord.gateway: Shard ID None has sent the IDENTIFY payload.
2019-09-04 21:08:18,701:DEBUG:discord.client: Dispatching event socket_raw_receive
2019-09-04 21:08:18,701:DEBUG:discord.gateway: For Shard ID None: WebSocket Event: {'t': None, 's': None, 'op': 11, 'd': None}
2019-09-04 21:08:18,701:DEBUG:discord.client: Dispatching event socket_response
2019-09-04 21:08:18,783:DEBUG:discord.client: Dispatching event socket_raw_receive
2019-09-04 21:08:18,784:DEBUG:discord.gateway: For Shard ID None: WebSocket Event: {'t': 'READY', 's': 1, 'op': 0, 'd': {'v': 6, 'user_settings': {}, 'user': {'verified': True, 'username': 'AdminSys', 'mfa_enabled': False, 'id': '617444095094161631', 'email': None, 'discriminator': '6253', 'bot': True, 'avatar': '887a8441e2355c403d700c6f149ae9cd'}, 'session_id': 'c851f1198a0abe4aab6779ace75ab7c2', 'relationships': [], 'private_channels': [], 'presences': [], 'guilds': [{'unavailable': True, 'id': '612007006643159070'}], '_trace': ['["gateway-prd-main-fn5f",{"micros":47875,"calls":["discord-sessions-prd-1-5",{"micros":46960,"calls":["start_session",{"micros":44760,"calls":["api-prd-main-xzhz",{"micros":40663,"calls":["get_user",{"micros":10387},"add_authorized_ip",{"micros":5},"get_guilds",{"micros":2382},"coros_wait",{"micros":0}]}]},"guilds_connect",{"micros":1,"calls":[]},"presence_connect",{"micros":1604,"calls":[]}]}]}]']}}
2019-09-04 21:08:18,784:DEBUG:discord.client: Dispatching event socket_response
2019-09-04 21:08:18,784:INFO:discord.gateway: Shard ID None has connected to Gateway: ["gateway-prd-main-fn5f",{"micros":47875,"calls":["discord-sessions-prd-1-5",{"micros":46960,"calls":["start_session",{"micros":44760,"calls":["api-prd-main-xzhz",{"micros":40663,"calls":["get_user",{"micros":10387},"add_authorized_ip",{"micros":5},"get_guilds",{"micros":2382},"coros_wait",{"micros":0}]}]},"guilds_connect",{"micros":1,"calls":[]},"presence_connect",{"micros":1604,"calls":[]}]}]}] (Session ID: c851f1198a0abe4aab6779ace75ab7c2).
2019-09-04 21:08:18,784:DEBUG:discord.client: Dispatching event connect
2019-09-04 21:08:18,784:DEBUG:discord.client: Dispatching event socket_raw_receive
2019-09-04 21:08:18,785:DEBUG:discord.gateway: For Shard ID None: WebSocket Event: {'t': 'GUILD_CREATE', 's': 2, 'op': 0, 'd': {'description': None, 'member_count': 3, 'members': [{'user': {'username': 'JustCorn', 'id': '281186530024882176', 'discriminator': '4698', 'avatar': '2352d8b41f0477fef425594f90e4fcc6'}, 'roles': [], 'mute': False, 'joined_at': '2019-08-16T19:37:36.037000+00:00', 'hoisted_role': None, 'deaf': False}, {'user': {'username': 'L0L1K', 'id': '310873897132228608', 'discriminator': '9280', 'avatar': 'f9e5dff0eb04fec23edcc86775e81607'}, 'roles': ['618866621041082388'], 'premium_since': None, 'nick': None, 'mute': False, 'joined_at': '2019-08-16T19:37:20.932000+00:00', 'hoisted_role': '618866621041082388', 'deaf': False}, {'user': {'username': 'AdminSys', 'id': '617444095094161631', 'discriminator': '6253', 'bot': True, 'avatar': '887a8441e2355c403d700c6f149ae9cd'}, 'roles': ['618866621041082388', '617444422765772823'], 'premium_since': None, 'nick': 'Василий', 'mute': False, 'joined_at': '2019-08-31T19:43:41.924000+00:00', 'hoisted_role': '618866621041082388', 'deaf': False}], 'owner_id': '310873897132228608', 'application_id': None, 'region': 'russia', 'verification_level': 1, 'preferred_locale': 'en-US', 'name': 'BomG', 'joined_at': '2019-08-31T19:43:41.924000+00:00', 'system_channel_flags': 0, 'banner': None, 'system_channel_id': '612007006643159072', 'unavailable': False, 'id': '612007006643159070', 'afk_channel_id': '612022900244873231', 'features': [], 'roles': [{'position': 0, 'permissions': 104324673, 'name': '@everyone', 'mentionable': False, 'managed': False, 'id': '612007006643159070', 'hoist': False, 'color': 0}, {'position': 1, 'permissions': 8, 'name': 'AdminSys', 'mentionable': False, 'managed': True, 'id': '617444422765772823', 'hoist': False, 'color': 0}, {'position': 7, 'permissions': 104324673, 'name': '20см', 'mentionable': True, 'managed': False, 'id': '617733474656452608', 'hoist': True, 'color': 3447003}, {'position': 8, 'permissions': 104324673, 'name': 'Ярость Любы', 'mentionable': True, 'managed': False, 'id': '617733504939327488', 'hoist': True, 'color': 16711680}, {'position': 2, 'permissions': 104057921, 'name': 'Куда сдавать бутылки?', 'mentionable': False, 'managed': False, 'id': '618864094686216288', 'hoist': True, 'color': 9807270}, {'position': 3, 'permissions': 104324673, 'name': 'Местный', 'mentionable': True, 'managed': False, 'id': '618864360420540447', 'hoist': True, 'color': 15844367}, {'position': 4, 'permissions': 1178066497, 'name': 'Сотка в кармане', 'mentionable': True, 'managed': False, 'id': '618864770287796235', 'hoist': True, 'color': 3066993}, {'position': 5, 'permissions': 1853357635, 'name': 'Бро', 'mentionable': True, 'managed': False, 'id': '618865258043277322', 'hoist': True, 'color': 11027200}, {'position': 9, 'permissions': 1853357651, 'name': 'Mod', 'mentionable': True, 'managed': False, 'id': '618865477296455721', 'hoist': False, 'color': 15277667}, {'position': 6, 'permissions': 104324673, 'name': 'Майнкрафт моя жызнь', 'mentionable': True, 'managed': False, 'id': '618866321572102155', 'hoist': True, 'color': 65302}, {'position': 10, 'permissions': 104324681, 'name': 'Бомж', 'mentionable': True, 'managed': False, 'id': '618866621041082388', 'hoist': True, 'color': 11796735}], 'large': False, 'default_message_notifications': 0, 'icon': 'e9b254cd59b52c902787aec1dbd71cd5', 'splash': None, 'lazy': True, 'afk_timeout': 900, 'voice_states': [], 'presences': [{'user': {'id': '310873897132228608'}, 'status': 'online', 'game': None, 'client_status': {'desktop': 'online'}, 'activities': []}, {'user': {'id': '617444095094161631'}, 'status': 'online', 'game': {'type': 0, 'name': '!help', 'id': 'ec0b28a579ecb4bd', 'created_at': 1567620465406}, 'client_status': {'web': 'online'}, 'activities': [{'type': 0, 'name': '!help', 'id': 'ec0b28a579ecb4bd', 'created_at': 1567620465406}]}], 'premium_subscription_count': 0, 'explicit_content_filter': 0, 'mfa_level': 0, 'emojis': [], 'channels': [{'user_limit': 0, 'type': 4, 'position': 2, 'permission_overwrites': [], 'name': '--Общение--', 'id': '612007006643159071', 'bitrate': 64000}, {'type': 0, 'topic': '***Bunch of mad Gamers***', 'rate_limit_per_user': 0, 'position': 2, 'permission_overwrites': [{'type': 'role', 'id': '612007006643159070', 'deny': 805763088, 'allow': 66624}], 'parent_id': '612023558943670312', 'nsfw': False, 'name': 'info', 'last_pin_timestamp': '2019-08-16T20:56:07.994000+00:00', 'last_message_id': '617444422820560946', 'id': '612007006643159072'}, {'user_limit': 0, 'type': 4, 'position': 4, 'permission_overwrites': [], 'name': '--Voice--', 'id': '612007006643159074', 'bitrate': 64000}, {'user_limit': 0, 'type': 2, 'position': 0, 'permission_overwrites': [], 'parent_id': '612007006643159074', 'name': 'Gamers', 'id': '612007006643159075', 'bitrate': 64000}, {'type': 0, 'topic': 'События, конкурсы, розыгрыши', 'rate_limit_per_user': 0, 'position': 4, 'permission_overwrites': [{'type': 'role', 'id': '612007006643159070', 'deny': 805761040, 'allow': 68673}], 'parent_id': '612023558943670312', 'name': 'events', 'last_message_id': None, 'id': '612007988097712129'}, {'type': 0, 'topic': 'Анонсы планов администрации', 'rate_limit_per_user': 0, 'position': 3, 'permission_overwrites': [{'type': 'role', 'id': '612007006643159070', 'deny': 805763088, 'allow': 66625}], 'parent_id': '612023558943670312', 'name': 'announce', 'last_message_id': None, 'id': '612012815389294612'}, {'type': 0, 'topic': 'Основной канал сервера', 'rate_limit_per_user': 0, 'position': 6, 'permission_overwrites': [{'type': 'role', 'id': '612007006643159070', 'deny': 805314576, 'allow': 511041}], 'parent_id': '612007006643159071', 'name': 'general', 'last_message_id': '618867916367986692', 'id': '612016879539716117'}, {'type': 0, 'topic': 'Для мемов', 'rate_limit_per_user': 0, 'position': 7, 'permission_overwrites': [{'type': 'role', 'id': '612007006643159070', 'deny': 805711888, 'allow': 117825}], 'parent_id': '612007006643159071', 'name': 'mems', 'last_message_id': None, 'id': '612017242867105853'}, {'type': 0, 'topic': 'Для игры в кости', 'rate_limit_per_user': 0, 'position': 10, 'permission_overwrites': [{'type': 'role', 'id': '612007006643159070', 'deny': 805761105, 'allow': 68608}], 'parent_id': '612025597626941440', 'name': 'dice', 'last_message_id': '618869820112502787', 'id': '612018365279764495'}, {'user_limit': 5, 'type': 2, 'position': 1, 'permission_overwrites': [{'type': 'role', 'id': '612007006643159070', 'deny': 834666512, 'allow': 3146753}], 'parent_id': '612007006643159074', 'name': 'League of Legends #1', 'id': '612019918476541982', 'bitrate': 64000}, {'user_limit': 5, 'type': 2, 'position': 2, 'permission_overwrites': [{'type': 'role', 'id': '612007006643159070', 'deny': 834666512, 'allow': 3146753}], 'parent_id': '612007006643159074', 'name': 'League of Legends #2', 'id': '612020115025821783', 'bitrate': 64000}, {'user_limit': 5, 'type': 2, 'position': 3, 'permission_overwrites': [{'type': 'role', 'id': '612007006643159070', 'deny': 834666512, 'allow': 3146753}], 'parent_id': '612007006643159074', 'name': 'Dota #1', 'id': '612020788576387072', 'bitrate': 64000}, {'user_limit': 5, 'type': 2, 'position': 4, 'permission_overwrites': [{'type': 'role', 'id': '612007006643159070', 'deny': 834666512, 'allow': 3146753}], 'parent_id': '612007006643159074', 'name': 'Dota #2', 'id': '612020855991697413', 'bitrate': 64000}, {'user_limit': 10, 'type': 2, 'position': 5, 'permission_overwrites': [{'type': 'role', 'id': '612007006643159070', 'deny': 834666512, 'allow': 3146753}], 'parent_id': '612007006643159074', 'name': 'Counter Strike', 'id': '612021284007837707', 'bitrate': 64000}, {'user_limit': 10, 'type': 2, 'position': 6, 'permission_overwrites': [{'type': 'role', 'id': '612007006643159070', 'deny': 834666512, 'allow': 3146753}], 'parent_id': '612007006643159074', 'name': 'Overwatch', 'id': '612021647326707722', 'bitrate': 64000}, {'user_limit': 10, 'type': 2, 'position': 7, 'permission_overwrites': [{'type': 'role', 'id': '612007006643159070', 'deny': 834666512, 'allow': 3146753}], 'parent_id': '612007006643159074', 'name': 'Europa Universalis 4', 'id': '612022087682621453', 'bitrate': 64000}, {'user_limit': 10, 'type': 2, 'position': 8, 'permission_overwrites': [{'type': 'role', 'id': '612007006643159070', 'deny': 822083600, 'allow': 3146753}], 'parent_id': '612007006643159074', 'name': 'Minecraft', 'id': '612022540419858449', 'bitrate': 64000}, {'user_limit': 0, 'type': 2, 'position': 9, 'permission_overwrites': [{'type': 'role', 'id': '612007006643159070', 'deny': 870319121, 'allow': 1048576}], 'parent_id': '612007006643159074', 'name': 'AFK', 'id': '612022900244873231', 'bitrate': 64000}, {'user_limit': 0, 'type': 4, 'position': 1, 'permission_overwrites': [], 'name': '--Информация--', 'id': '612023558943670312', 'bitrate': 64000}, {'user_limit': 0, 'type': 4, 'position': 3, 'permission_overwrites': [], 'name': '--Приложения--', 'id': '612025597626941440', 'bitrate': 64000}, {'type': 0, 'topic': 'Заказывать музыку - тут', 'rate_limit_per_user': 0, 'position': 11, 'permission_overwrites': [{'type': 'role', 'id': '612007006643159070', 'deny': 805826577, 'allow': 3136}], 'parent_id': '612025597626941440', 'name': 'music', 'last_message_id': None, 'id': '612028361178611712'}, {'type': 0, 'topic': 'Анонимные цитаты', 'rate_limit_per_user': 0, 'position': 12, 'permission_overwrites': [{'type': 'role', 'id': '612007006643159070', 'deny': 805763089, 'allow': 66624}], 'parent_id': '612007006643159071', 'name': 'quote', 'last_message_id': None, 'id': '612029174978183199'}], 'vanity_url_code': None, 'premium_tier': 0}}
2019-09-04 21:08:18,785:DEBUG:discord.client: Dispatching event socket_response
2019-09-04 21:08:18,786:DEBUG:discord.client: Dispatching event guild_available
2019-09-04 21:08:20,786:DEBUG:discord.client: Dispatching event ready
2019-09-04 21:08:20,792:DEBUG:discord.gateway: Sending "{"op":3,"d":{"game":{"type":0,"name":"site","timestamps":{}},"afk":false,"since":0.0,"status":"online"}}" to change status
2019-09-04 21:08:20,792:DEBUG:discord.client: Dispatching event socket_raw_send
2019-09-04 21:08:27,573:DEBUG:discord.client: Dispatching event socket_raw_receive
2019-09-04 21:08:27,573:DEBUG:discord.gateway: For Shard ID None: WebSocket Event: {'t': 'MESSAGE_CREATE', 's': 3, 'op': 0, 'd': {'type': 0, 'tts': False, 'timestamp': '2019-09-04T18:08:32.208000+00:00', 'pinned': False, 'nonce': '618870005492088832', 'mentions': [], 'mention_roles': [], 'mention_everyone': False, 'member': {'roles': ['618866621041082388'], 'premium_since': None, 'nick': None, 'mute': False, 'joined_at': '2019-08-16T19:37:20.932000+00:00', 'hoisted_role': '618866621041082388', 'deaf': False}, 'id': '618870025834594353', 'embeds': [], 'edited_timestamp': None, 'content': '!diceup 10000', 'channel_id': '612018365279764495', 'author': {'username': 'L0L1K', 'id': '310873897132228608', 'discriminator': '9280', 'avatar': 'f9e5dff0eb04fec23edcc86775e81607'}, 'attachments': [], 'guild_id': '612007006643159070'}}
2019-09-04 21:08:27,573:DEBUG:discord.client: Dispatching event socket_response
2019-09-04 21:08:27,573:DEBUG:discord.client: Dispatching event message
2019-09-04 21:08:27,573:DEBUG:discord.client: Dispatching event command
2019-09-04 21:08:27,768:DEBUG:discord.client: Dispatching event socket_raw_receive
2019-09-04 21:08:27,768:DEBUG:discord.gateway: For Shard ID None: WebSocket Event: {'t': 'MESSAGE_CREATE', 's': 4, 'op': 0, 'd': {'type': 0, 'tts': False, 'timestamp': '2019-09-04T18:08:32.414000+00:00', 'pinned': False, 'nonce': None, 'mentions': [{'username': 'L0L1K', 'member': {'roles': ['618866621041082388'], 'premium_since': None, 'nick': None, 'mute': False, 'joined_at': '2019-08-16T19:37:20.932000+00:00', 'hoisted_role': '618866621041082388', 'deaf': False}, 'id': '310873897132228608', 'discriminator': '9280', 'avatar': 'f9e5dff0eb04fec23edcc86775e81607'}], 'mention_roles': [], 'mention_everyone': False, 'member': {'roles': ['618866621041082388', '617444422765772823'], 'premium_since': None, 'nick': 'Василий', 'mute': False, 'joined_at': '2019-08-31T19:43:41.924000+00:00', 'hoisted_role': '618866621041082388', 'deaf': False}, 'id': '618870026698620928', 'embeds': [], 'edited_timestamp': None, 'content': '<@310873897132228608>, у тебя недостаточно пивных крышек! ☉1130☉', 'channel_id': '612018365279764495', 'author': {'username': 'AdminSys', 'id': '617444095094161631', 'discriminator': '6253', 'bot': True, 'avatar': '887a8441e2355c403d700c6f149ae9cd'}, 'attachments': [], 'guild_id': '612007006643159070'}}
2019-09-04 21:08:27,769:DEBUG:discord.client: Dispatching event socket_response
2019-09-04 21:08:27,769:DEBUG:discord.client: Dispatching event message
2019-09-04 21:08:27,773:DEBUG:discord.http: POST https://discordapp.com/api/v7/channels/612018365279764495/messages with {"content":"<@310873897132228608>, \u0443 \u0442\u0435\u0431\u044f \u043d\u0435\u0434\u043e\u0441\u0442\u0430\u0442\u043e\u0447\u043d\u043e \u043f\u0438\u0432\u043d\u044b\u0445 \u043a\u0440\u044b\u0448\u0435\u043a! \u26091130\u2609"} has returned 200
2019-09-04 21:08:27,773:DEBUG:discord.http: POST https://discordapp.com/api/v7/channels/612018365279764495/messages has received {'nonce': None, 'attachments': [], 'tts': False, 'embeds': [], 'timestamp': '2019-09-04T18:08:32.414000+00:00', 'mention_everyone': False, 'id': '618870026698620928', 'pinned': False, 'edited_timestamp': None, 'author': {'username': 'AdminSys', 'discriminator': '6253', 'bot': True, 'id': '617444095094161631', 'avatar': '887a8441e2355c403d700c6f149ae9cd'}, 'mention_roles': [], 'content': '<@310873897132228608>, у тебя недостаточно пивных крышек! ☉1130☉', 'channel_id': '612018365279764495', 'mentions': [{'username': 'L0L1K', 'discriminator': '9280', 'id': '310873897132228608', 'avatar': 'f9e5dff0eb04fec23edcc86775e81607'}], 'type': 0}
2019-09-04 21:08:27,774:DEBUG:discord.client: Dispatching event command_completion
2019-09-04 21:08:40,783:DEBUG:discord.gateway: Sending "{"op":3,"d":{"game":{"type":0,"name":"site","timestamps":{}},"afk":false,"since":0.0,"status":"online"}}" to change status
2019-09-04 21:08:40,783:DEBUG:discord.client: Dispatching event socket_raw_send
2019-09-04 21:08:59,787:DEBUG:discord.gateway: Keeping websocket alive with sequence 4.
2019-09-04 21:08:59,787:DEBUG:discord.client: Dispatching event socket_raw_send
2019-09-04 21:08:59,966:DEBUG:discord.client: Dispatching event socket_raw_receive
2019-09-04 21:08:59,966:DEBUG:discord.gateway: For Shard ID None: WebSocket Event: {'t': None, 's': None, 'op': 11, 'd': None}
2019-09-04 21:08:59,966:DEBUG:discord.client: Dispatching event socket_response
2019-09-04 21:09:00,795:DEBUG:discord.gateway: Sending "{"op":3,"d":{"game":{"type":0,"name":"!help","timestamps":{}},"afk":false,"since":0.0,"status":"online"}}" to change status
2019-09-04 21:09:00,795:DEBUG:discord.client: Dispatching event socket_raw_send
2019-09-04 21:09:20,789:DEBUG:discord.gateway: Sending "{"op":3,"d":{"game":{"type":0,"name":"!help","timestamps":{}},"afk":false,"since":0.0,"status":"online"}}" to change status
2019-09-04 21:09:20,789:DEBUG:discord.client: Dispatching event socket_raw_send
2019-09-04 21:09:40,782:DEBUG:discord.gateway: Sending "{"op":3,"d":{"game":{"type":0,"name":"site","timestamps":{}},"afk":false,"since":0.0,"status":"online"}}" to change status
2019-09-04 21:09:40,782:DEBUG:discord.client: Dispatching event socket_raw_send
2019-09-04 21:09:41,038:DEBUG:discord.gateway: Keeping websocket alive with sequence 4.
2019-09-04 21:09:41,038:DEBUG:discord.client: Dispatching event socket_raw_send
2019-09-04 21:09:41,207:DEBUG:discord.client: Dispatching event socket_raw_receive
2019-09-04 21:09:41,207:DEBUG:discord.gateway: For Shard ID None: WebSocket Event: {'t': None, 's': None, 'op': 11, 'd': None}
2019-09-04 21:09:41,207:DEBUG:discord.client: Dispatching event socket_response
2019-09-04 21:10:00,790:DEBUG:discord.gateway: Sending "{"op":3,"d":{"game":{"type":0,"name":"!help","timestamps":{}},"afk":false,"since":0.0,"status":"online"}}" to change status
2019-09-04 21:10:00,790:DEBUG:discord.client: Dispatching event socket_raw_send
2019-09-04 21:10:20,782:DEBUG:discord.gateway: Sending "{"op":3,"d":{"game":{"type":0,"name":"!help","timestamps":{}},"afk":false,"since":0.0,"status":"online"}}" to change status
2019-09-04 21:10:20,782:DEBUG:discord.client: Dispatching event socket_raw_send
2019-09-04 21:10:22,290:DEBUG:discord.gateway: Keeping websocket alive with sequence 4.
2019-09-04 21:10:22,290:DEBUG:discord.client: Dispatching event socket_raw_send
2019-09-04 21:10:22,461:DEBUG:discord.client: Dispatching event socket_raw_receive
2019-09-04 21:10:22,461:DEBUG:discord.gateway: For Shard ID None: WebSocket Event: {'t': None, 's': None, 'op': 11, 'd': None}
2019-09-04 21:10:22,461:DEBUG:discord.client: Dispatching event socket_response
2019-09-04 21:10:40,782:DEBUG:discord.gateway: Sending "{"op":3,"d":{"game":{"type":0,"name":"site","timestamps":{}},"afk":false,"since":0.0,"status":"online"}}" to change status
2019-09-04 21:10:40,782:DEBUG:discord.client: Dispatching event socket_raw_send
2019-09-04 21:11:00,789:DEBUG:discord.gateway: Sending "{"op":3,"d":{"game":{"type":0,"name":"site","timestamps":{}},"afk":false,"since":0.0,"status":"online"}}" to change status
2019-09-04 21:11:00,789:DEBUG:discord.client: Dispatching event socket_raw_send
2019-09-04 21:11:03,542:DEBUG:discord.gateway: Keeping websocket alive with sequence 4.
2019-09-04 21:11:03,542:DEBUG:discord.client: Dispatching event socket_raw_send
2019-09-04 21:11:03,718:DEBUG:discord.client: Dispatching event socket_raw_receive
2019-09-04 21:11:03,718:DEBUG:discord.gateway: For Shard ID None: WebSocket Event: {'t': None, 's': None, 'op': 11, 'd': None}
2019-09-04 21:11:03,718:DEBUG:discord.client: Dispatching event socket_response
2019-09-04 21:11:20,788:DEBUG:discord.gateway: Sending "{"op":3,"d":{"game":{"type":0,"name":"!help","timestamps":{}},"afk":false,"since":0.0,"status":"online"}}" to change status
2019-09-04 21:11:20,788:DEBUG:discord.client: Dispatching event socket_raw_send
2019-09-04 21:11:40,796:DEBUG:discord.gateway: Sending "{"op":3,"d":{"game":{"type":0,"name":"site","timestamps":{}},"afk":false,"since":0.0,"status":"online"}}" to change status
2019-09-04 21:11:40,796:DEBUG:discord.client: Dispatching event socket_raw_send
2019-09-04 21:11:44,793:DEBUG:discord.gateway: Keeping websocket alive with sequence 4.
2019-09-04 21:11:44,793:DEBUG:discord.client: Dispatching event socket_raw_send
2019-09-04 21:11:44,973:DEBUG:discord.client: Dispatching event socket_raw_receive
2019-09-04 21:11:44,974:DEBUG:discord.gateway: For Shard ID None: WebSocket Event: {'t': None, 's': None, 'op': 11, 'd': None}
2019-09-04 21:11:44,974:DEBUG:discord.client: Dispatching event socket_response
2019-09-04 21:12:00,792:DEBUG:discord.gateway: Sending "{"op":3,"d":{"game":{"type":0,"name":"!help","timestamps":{}},"afk":false,"since":0.0,"status":"online"}}" to change status
2019-09-04 21:12:00,792:DEBUG:discord.client: Dispatching event socket_raw_send
2019-09-04 21:12:20,786:DEBUG:discord.gateway: Sending "{"op":3,"d":{"game":{"type":0,"name":"site","timestamps":{}},"afk":false,"since":0.0,"status":"online"}}" to change status
2019-09-04 21:12:20,786:DEBUG:discord.client: Dispatching event socket_raw_send
2019-09-04 21:12:26,044:DEBUG:discord.gateway: Keeping websocket alive with sequence 4.
2019-09-04 21:12:26,044:DEBUG:discord.client: Dispatching event socket_raw_send
2019-09-04 21:12:26,214:DEBUG:discord.client: Dispatching event socket_raw_receive
2019-09-04 21:12:26,214:DEBUG:discord.gateway: For Shard ID None: WebSocket Event: {'t': None, 's': None, 'op': 11, 'd': None}
2019-09-04 21:12:26,214:DEBUG:discord.client: Dispatching event socket_response
2019-09-04 21:12:40,783:DEBUG:discord.gateway: Sending "{"op":3,"d":{"game":{"type":0,"name":"site","timestamps":{}},"afk":false,"since":0.0,"status":"online"}}" to change status
2019-09-04 21:12:40,783:DEBUG:discord.client: Dispatching event socket_raw_send
2019-09-04 21:13:00,791:DEBUG:discord.gateway: Sending "{"op":3,"d":{"game":{"type":0,"name":"site","timestamps":{}},"afk":false,"since":0.0,"status":"online"}}" to change status
2019-09-04 21:13:00,791:DEBUG:discord.client: Dispatching event socket_raw_send
2019-09-04 21:13:07,296:DEBUG:discord.gateway: Keeping websocket alive with sequence 4.
2019-09-04 21:13:07,296:DEBUG:discord.client: Dispatching event socket_raw_send
2019-09-04 21:13:07,496:DEBUG:discord.client: Dispatching event socket_raw_receive
2019-09-04 21:13:07,496:DEBUG:discord.gateway: For Shard ID None: WebSocket Event: {'t': None, 's': None, 'op': 11, 'd': None}
2019-09-04 21:13:07,496:DEBUG:discord.client: Dispatching event socket_response
2019-09-04 21:13:20,782:DEBUG:discord.gateway: Sending "{"op":3,"d":{"game":{"type":0,"name":"site","timestamps":{}},"afk":false,"since":0.0,"status":"online"}}" to change status
2019-09-04 21:13:20,782:DEBUG:discord.client: Dispatching event socket_raw_send
2019-09-04 21:13:40,791:DEBUG:discord.gateway: Sending "{"op":3,"d":{"game":{"type":0,"name":"!help","timestamps":{}},"afk":false,"since":0.0,"status":"online"}}" to change status
2019-09-04 21:13:40,791:DEBUG:discord.client: Dispatching event socket_raw_send
2019-09-04 21:13:48,548:DEBUG:discord.gateway: Keeping websocket alive with sequence 4.
2019-09-04 21:13:48,548:DEBUG:discord.client: Dispatching event socket_raw_send
2019-09-04 21:13:48,713:DEBUG:discord.client: Dispatching event socket_raw_receive
2019-09-04 21:13:48,713:DEBUG:discord.gateway: For Shard ID None: WebSocket Event: {'t': None, 's': None, 'op': 11, 'd': None}
2019-09-04 21:13:48,714:DEBUG:discord.client: Dispatching event socket_response
